[0.024s] Invoking command in '/ros2_ws/build/galaxea_simulation': CMAKE_PREFIX_PATH=/opt/ros/humble /usr/bin/cmake /ros2_ws/src/galaxea_simulation -DCMAKE_INSTALL_PREFIX=/ros2_ws/install/galaxea_simulation
[0.325s] -- The C compiler identification is GNU 11.4.0
[0.458s] -- The CXX compiler identification is GNU 11.4.0
[0.472s] -- Detecting C compiler ABI info
[0.558s] -- Detecting C compiler ABI info - done
[0.565s] -- Check for working C compiler: /usr/bin/cc - skipped
[0.566s] -- Detecting C compile features
[0.567s] -- Detecting C compile features - done
[0.571s] -- Detecting CXX compiler ABI info
[0.647s] -- Detecting CXX compiler ABI info - done
[0.653s] -- Check for working CXX compiler: /usr/bin/c++ - skipped
[0.654s] -- Detecting CXX compile features
[0.654s] -- Detecting CXX compile features - done
[0.674s] -- Found ament_cmake: 1.3.14 (/opt/ros/humble/share/ament_cmake/cmake)
[0.818s] -- Found Python3: /usr/bin/python3 (found version "3.10.12") found components: Interpreter 
[0.937s] -- Found rclcpp: 16.0.19 (/opt/ros/humble/share/rclcpp/cmake)
[1.017s] -- Found rosidl_generator_c: 3.1.8 (/opt/ros/humble/share/rosidl_generator_c/cmake)
[1.025s] -- Found rosidl_adapter: 3.1.8 (/opt/ros/humble/share/rosidl_adapter/cmake)
[1.039s] -- Found rosidl_generator_cpp: 3.1.8 (/opt/ros/humble/share/rosidl_generator_cpp/cmake)
[1.061s] -- Using all available rosidl_typesupport_c: rosidl_typesupport_fastrtps_c;rosidl_typesupport_introspection_c
[1.088s] -- Using all available rosidl_typesupport_cpp: rosidl_typesupport_fastrtps_cpp;rosidl_typesupport_introspection_cpp
[1.161s] -- Found rmw_implementation_cmake: 6.1.2 (/opt/ros/humble/share/rmw_implementation_cmake/cmake)
[1.166s] -- Found rmw_fastrtps_cpp: 6.2.10 (/opt/ros/humble/share/rmw_fastrtps_cpp/cmake)
[1.291s] -- Found OpenSSL: /usr/lib/x86_64-linux-gnu/libcrypto.so (found version "3.0.2")  
[1.321s] -- Found FastRTPS: /opt/ros/humble/include  
[1.370s] -- Using RMW implementation 'rmw_fastrtps_cpp' as default
[1.387s] -- Looking for pthread.h
[1.467s] -- Looking for pthread.h - found
[1.468s] -- Performing Test CMAKE_HAVE_LIBC_PTHREAD
[1.538s] -- Performing Test CMAKE_HAVE_LIBC_PTHREAD - Success
[1.539s] -- Found Threads: TRUE  
[1.620s] -- Found ament_lint_auto: 0.12.15 (/opt/ros/humble/share/ament_lint_auto/cmake)
[1.716s] -- Added test 'flake8' to check Python code syntax and style conventions
[1.719s] -- Added test 'lint_cmake' to check CMake code style
[1.721s] -- Added test 'pep257' to check Python code against some of the docstring style conventions in PEP 257
[1.724s] -- Added test 'xmllint' to check XML markup files
[1.727s] -- Configuring done
[1.733s] -- Generating done
[1.736s] -- Build files have been written to: /ros2_ws/build/galaxea_simulation
[1.743s] Invoked command in '/ros2_ws/build/galaxea_simulation' returned '0': CMAKE_PREFIX_PATH=/opt/ros/humble /usr/bin/cmake /ros2_ws/src/galaxea_simulation -DCMAKE_INSTALL_PREFIX=/ros2_ws/install/galaxea_simulation
[1.745s] Invoking command in '/ros2_ws/build/galaxea_simulation': CMAKE_PREFIX_PATH=/opt/ros/humble /usr/bin/cmake --build /ros2_ws/build/galaxea_simulation -- -j16 -l16
[1.779s] Invoked command in '/ros2_ws/build/galaxea_simulation' returned '0': CMAKE_PREFIX_PATH=/opt/ros/humble /usr/bin/cmake --build /ros2_ws/build/galaxea_simulation -- -j16 -l16
[1.789s] Invoking command in '/ros2_ws/build/galaxea_simulation': CMAKE_PREFIX_PATH=/opt/ros/humble /usr/bin/cmake --install /ros2_ws/build/galaxea_simulation
[1.795s] -- Install configuration: ""
[1.795s] -- Installing: /ros2_ws/install/galaxea_simulation/share/galaxea_simulation/launch
[1.795s] -- Installing: /ros2_ws/install/galaxea_simulation/share/galaxea_simulation/launch/display.launch
[1.796s] -- Installing: /ros2_ws/install/galaxea_simulation/share/galaxea_simulation/launch/gazebo.launch.py
[1.796s] -- Installing: /ros2_ws/install/galaxea_simulation/share/galaxea_simulation/launch/gazebo copy.launch
[1.797s] -- Installing: /ros2_ws/install/galaxea_simulation/share/galaxea_simulation/urdf
[1.797s] -- Installing: /ros2_ws/install/galaxea_simulation/share/galaxea_simulation/urdf/r1_v2_1_0.urdf
[1.797s] -- Installing: /ros2_ws/install/galaxea_simulation/share/galaxea_simulation/urdf/r1_v2_1_0.csv
[1.798s] -- Installing: /ros2_ws/install/galaxea_simulation/share/galaxea_simulation/worlds
[1.798s] -- Installing: /ros2_ws/install/galaxea_simulation/share/galaxea_simulation/meshes
[1.798s] -- Installing: /ros2_ws/install/galaxea_simulation/share/galaxea_simulation/meshes/right_gripper_link.STL
[1.799s] -- Installing: /ros2_ws/install/galaxea_simulation/share/galaxea_simulation/meshes/torso_link2.STL
[1.801s] -- Installing: /ros2_ws/install/galaxea_simulation/share/galaxea_simulation/meshes/torso_link3.STL
[1.803s] -- Installing: /ros2_ws/install/galaxea_simulation/share/galaxea_simulation/meshes/left_arm_link5.STL
[1.804s] -- Installing: /ros2_ws/install/galaxea_simulation/share/galaxea_simulation/meshes/right_arm_link6.STL
[1.804s] -- Installing: /ros2_ws/install/galaxea_simulation/share/galaxea_simulation/meshes/left_arm_link2.STL
[1.806s] -- Installing: /ros2_ws/install/galaxea_simulation/share/galaxea_simulation/meshes/left_arm_link6.STL
[1.806s] -- Installing: /ros2_ws/install/galaxea_simulation/share/galaxea_simulation/meshes/wheel_motor_link2.STL
[1.808s] -- Installing: /ros2_ws/install/galaxea_simulation/share/galaxea_simulation/meshes/torso_link4.STL
[1.809s] -- Installing: /ros2_ws/install/galaxea_simulation/share/galaxea_simulation/meshes/left_gripper_finger_link1.STL
[1.810s] -- Installing: /ros2_ws/install/galaxea_simulation/share/galaxea_simulation/meshes/left_gripper_link.STL
[1.811s] -- Installing: /ros2_ws/install/galaxea_simulation/share/galaxea_simulation/meshes/right_gripper_finger_link2.STL
[1.812s] -- Installing: /ros2_ws/install/galaxea_simulation/share/galaxea_simulation/meshes/zed_link.STL
[1.813s] -- Installing: /ros2_ws/install/galaxea_simulation/share/galaxea_simulation/meshes/base_link.STL
[1.827s] -- Installing: /ros2_ws/install/galaxea_simulation/share/galaxea_simulation/meshes/wheel_motor_link3.STL
[1.829s] -- Installing: /ros2_ws/install/galaxea_simulation/share/galaxea_simulation/meshes/right_arm_link3.STL
[1.833s] -- Installing: /ros2_ws/install/galaxea_simulation/share/galaxea_simulation/meshes/right_arm_link2.STL
[1.835s] -- Installing: /ros2_ws/install/galaxea_simulation/share/galaxea_simulation/meshes/left_realsense_link.STL
[1.836s] -- Installing: /ros2_ws/install/galaxea_simulation/share/galaxea_simulation/meshes/left_arm_link4.STL
[1.837s] -- Installing: /ros2_ws/install/galaxea_simulation/share/galaxea_simulation/meshes/steer_motor_link1.STL
[1.839s] -- Installing: /ros2_ws/install/galaxea_simulation/share/galaxea_simulation/meshes/left_arm_base_link.STL
[1.841s] -- Installing: /ros2_ws/install/galaxea_simulation/share/galaxea_simulation/meshes/left_gripper_finger_link2.STL
[1.842s] -- Installing: /ros2_ws/install/galaxea_simulation/share/galaxea_simulation/meshes/right_arm_base_link.STL
[1.844s] -- Installing: /ros2_ws/install/galaxea_simulation/share/galaxea_simulation/meshes/wheel_motor_link1.STL
[1.846s] -- Installing: /ros2_ws/install/galaxea_simulation/share/galaxea_simulation/meshes/right_arm_link4.STL
[1.847s] -- Installing: /ros2_ws/install/galaxea_simulation/share/galaxea_simulation/meshes/steer_motor_link2.STL
[1.848s] -- Installing: /ros2_ws/install/galaxea_simulation/share/galaxea_simulation/meshes/right_arm_link1.STL
[1.854s] -- Installing: /ros2_ws/install/galaxea_simulation/share/galaxea_simulation/meshes/steer_motor_link3.STL
[1.856s] -- Installing: /ros2_ws/install/galaxea_simulation/share/galaxea_simulation/meshes/right_gripper_finger_link1.STL
[1.857s] -- Installing: /ros2_ws/install/galaxea_simulation/share/galaxea_simulation/meshes/left_arm_link1.STL
[1.865s] -- Installing: /ros2_ws/install/galaxea_simulation/share/galaxea_simulation/meshes/torso_link1.STL
[1.868s] -- Installing: /ros2_ws/install/galaxea_simulation/share/galaxea_simulation/meshes/right_arm_link5.STL
[1.870s] -- Installing: /ros2_ws/install/galaxea_simulation/share/galaxea_simulation/meshes/left_arm_link3.STL
[1.876s] -- Installing: /ros2_ws/install/galaxea_simulation/share/galaxea_simulation/meshes/right_realsense_link.STL
[1.878s] -- Installing: /ros2_ws/install/galaxea_simulation/share/galaxea_simulation/config
[1.878s] -- Installing: /ros2_ws/install/galaxea_simulation/share/galaxea_simulation/config/joint_names_r1_v2_1_0.yaml
[1.879s] -- Installing: /ros2_ws/install/galaxea_simulation/share/ament_index/resource_index/package_run_dependencies/galaxea_simulation
[1.879s] -- Installing: /ros2_ws/install/galaxea_simulation/share/ament_index/resource_index/parent_prefix_path/galaxea_simulation
[1.879s] -- Installing: /ros2_ws/install/galaxea_simulation/share/galaxea_simulation/environment/ament_prefix_path.sh
[1.880s] -- Installing: /ros2_ws/install/galaxea_simulation/share/galaxea_simulation/environment/ament_prefix_path.dsv
[1.880s] -- Installing: /ros2_ws/install/galaxea_simulation/share/galaxea_simulation/environment/path.sh
[1.880s] -- Installing: /ros2_ws/install/galaxea_simulation/share/galaxea_simulation/environment/path.dsv
[1.880s] -- Installing: /ros2_ws/install/galaxea_simulation/share/galaxea_simulation/local_setup.bash
[1.880s] -- Installing: /ros2_ws/install/galaxea_simulation/share/galaxea_simulation/local_setup.sh
[1.880s] -- Installing: /ros2_ws/install/galaxea_simulation/share/galaxea_simulation/local_setup.zsh
[1.880s] -- Installing: /ros2_ws/install/galaxea_simulation/share/galaxea_simulation/local_setup.dsv
[1.880s] -- Installing: /ros2_ws/install/galaxea_simulation/share/galaxea_simulation/package.dsv
[1.880s] -- Installing: /ros2_ws/install/galaxea_simulation/share/ament_index/resource_index/packages/galaxea_simulation
[1.881s] -- Installing: /ros2_ws/install/galaxea_simulation/share/galaxea_simulation/cmake/galaxea_simulationConfig.cmake
[1.881s] -- Installing: /ros2_ws/install/galaxea_simulation/share/galaxea_simulation/cmake/galaxea_simulationConfig-version.cmake
[1.881s] -- Installing: /ros2_ws/install/galaxea_simulation/share/galaxea_simulation/package.xml
[1.883s] Invoked command in '/ros2_ws/build/galaxea_simulation' returned '0': CMAKE_PREFIX_PATH=/opt/ros/humble /usr/bin/cmake --install /ros2_ws/build/galaxea_simulation
