-- Install configuration: ""
-- Up-to-date: /ros2_ws/install/galaxea_simulation/share/galaxea_simulation/launch
-- Up-to-date: /ros2_ws/install/galaxea_simulation/share/galaxea_simulation/launch/display.launch
-- Up-to-date: /ros2_ws/install/galaxea_simulation/share/galaxea_simulation/launch/gazebo.launch.py
-- Up-to-date: /ros2_ws/install/galaxea_simulation/share/galaxea_simulation/launch/gazebo copy.launch
-- Up-to-date: /ros2_ws/install/galaxea_simulation/share/galaxea_simulation/urdf
-- Up-to-date: /ros2_ws/install/galaxea_simulation/share/galaxea_simulation/urdf/r1_v2_1_0.urdf
-- Up-to-date: /ros2_ws/install/galaxea_simulation/share/galaxea_simulation/urdf/r1_v2_1_0.csv
-- Up-to-date: /ros2_ws/install/galaxea_simulation/share/galaxea_simulation/worlds
-- Up-to-date: /ros2_ws/install/galaxea_simulation/share/galaxea_simulation/meshes
-- Up-to-date: /ros2_ws/install/galaxea_simulation/share/galaxea_simulation/meshes/right_gripper_link.STL
-- Up-to-date: /ros2_ws/install/galaxea_simulation/share/galaxea_simulation/meshes/torso_link2.STL
-- Up-to-date: /ros2_ws/install/galaxea_simulation/share/galaxea_simulation/meshes/torso_link3.STL
-- Up-to-date: /ros2_ws/install/galaxea_simulation/share/galaxea_simulation/meshes/left_arm_link5.STL
-- Up-to-date: /ros2_ws/install/galaxea_simulation/share/galaxea_simulation/meshes/right_arm_link6.STL
-- Up-to-date: /ros2_ws/install/galaxea_simulation/share/galaxea_simulation/meshes/left_arm_link2.STL
-- Up-to-date: /ros2_ws/install/galaxea_simulation/share/galaxea_simulation/meshes/left_arm_link6.STL
-- Up-to-date: /ros2_ws/install/galaxea_simulation/share/galaxea_simulation/meshes/wheel_motor_link2.STL
-- Up-to-date: /ros2_ws/install/galaxea_simulation/share/galaxea_simulation/meshes/torso_link4.STL
-- Up-to-date: /ros2_ws/install/galaxea_simulation/share/galaxea_simulation/meshes/left_gripper_finger_link1.STL
-- Up-to-date: /ros2_ws/install/galaxea_simulation/share/galaxea_simulation/meshes/left_gripper_link.STL
-- Up-to-date: /ros2_ws/install/galaxea_simulation/share/galaxea_simulation/meshes/right_gripper_finger_link2.STL
-- Up-to-date: /ros2_ws/install/galaxea_simulation/share/galaxea_simulation/meshes/zed_link.STL
-- Up-to-date: /ros2_ws/install/galaxea_simulation/share/galaxea_simulation/meshes/base_link.STL
-- Up-to-date: /ros2_ws/install/galaxea_simulation/share/galaxea_simulation/meshes/wheel_motor_link3.STL
-- Up-to-date: /ros2_ws/install/galaxea_simulation/share/galaxea_simulation/meshes/right_arm_link3.STL
-- Up-to-date: /ros2_ws/install/galaxea_simulation/share/galaxea_simulation/meshes/right_arm_link2.STL
-- Up-to-date: /ros2_ws/install/galaxea_simulation/share/galaxea_simulation/meshes/left_realsense_link.STL
-- Up-to-date: /ros2_ws/install/galaxea_simulation/share/galaxea_simulation/meshes/left_arm_link4.STL
-- Up-to-date: /ros2_ws/install/galaxea_simulation/share/galaxea_simulation/meshes/steer_motor_link1.STL
-- Up-to-date: /ros2_ws/install/galaxea_simulation/share/galaxea_simulation/meshes/left_arm_base_link.STL
-- Up-to-date: /ros2_ws/install/galaxea_simulation/share/galaxea_simulation/meshes/left_gripper_finger_link2.STL
-- Up-to-date: /ros2_ws/install/galaxea_simulation/share/galaxea_simulation/meshes/right_arm_base_link.STL
-- Up-to-date: /ros2_ws/install/galaxea_simulation/share/galaxea_simulation/meshes/wheel_motor_link1.STL
-- Up-to-date: /ros2_ws/install/galaxea_simulation/share/galaxea_simulation/meshes/right_arm_link4.STL
-- Up-to-date: /ros2_ws/install/galaxea_simulation/share/galaxea_simulation/meshes/steer_motor_link2.STL
-- Up-to-date: /ros2_ws/install/galaxea_simulation/share/galaxea_simulation/meshes/right_arm_link1.STL
-- Up-to-date: /ros2_ws/install/galaxea_simulation/share/galaxea_simulation/meshes/steer_motor_link3.STL
-- Up-to-date: /ros2_ws/install/galaxea_simulation/share/galaxea_simulation/meshes/right_gripper_finger_link1.STL
-- Up-to-date: /ros2_ws/install/galaxea_simulation/share/galaxea_simulation/meshes/left_arm_link1.STL
-- Up-to-date: /ros2_ws/install/galaxea_simulation/share/galaxea_simulation/meshes/torso_link1.STL
-- Up-to-date: /ros2_ws/install/galaxea_simulation/share/galaxea_simulation/meshes/right_arm_link5.STL
-- Up-to-date: /ros2_ws/install/galaxea_simulation/share/galaxea_simulation/meshes/left_arm_link3.STL
-- Up-to-date: /ros2_ws/install/galaxea_simulation/share/galaxea_simulation/meshes/right_realsense_link.STL
-- Up-to-date: /ros2_ws/install/galaxea_simulation/share/galaxea_simulation/config
-- Up-to-date: /ros2_ws/install/galaxea_simulation/share/galaxea_simulation/config/joint_names_r1_v2_1_0.yaml
-- Up-to-date: /ros2_ws/install/galaxea_simulation/share/ament_index/resource_index/package_run_dependencies/galaxea_simulation
-- Up-to-date: /ros2_ws/install/galaxea_simulation/share/ament_index/resource_index/parent_prefix_path/galaxea_simulation
-- Up-to-date: /ros2_ws/install/galaxea_simulation/share/galaxea_simulation/environment/ament_prefix_path.sh
-- Up-to-date: /ros2_ws/install/galaxea_simulation/share/galaxea_simulation/environment/ament_prefix_path.dsv
-- Up-to-date: /ros2_ws/install/galaxea_simulation/share/galaxea_simulation/environment/path.sh
-- Up-to-date: /ros2_ws/install/galaxea_simulation/share/galaxea_simulation/environment/path.dsv
-- Up-to-date: /ros2_ws/install/galaxea_simulation/share/galaxea_simulation/local_setup.bash
-- Up-to-date: /ros2_ws/install/galaxea_simulation/share/galaxea_simulation/local_setup.sh
-- Up-to-date: /ros2_ws/install/galaxea_simulation/share/galaxea_simulation/local_setup.zsh
-- Up-to-date: /ros2_ws/install/galaxea_simulation/share/galaxea_simulation/local_setup.dsv
-- Installing: /ros2_ws/install/galaxea_simulation/share/galaxea_simulation/package.dsv
-- Up-to-date: /ros2_ws/install/galaxea_simulation/share/ament_index/resource_index/packages/galaxea_simulation
-- Up-to-date: /ros2_ws/install/galaxea_simulation/share/galaxea_simulation/cmake/galaxea_simulationConfig.cmake
-- Up-to-date: /ros2_ws/install/galaxea_simulation/share/galaxea_simulation/cmake/galaxea_simulationConfig-version.cmake
-- Up-to-date: /ros2_ws/install/galaxea_simulation/share/galaxea_simulation/package.xml
