[0.018s] Invoking command in '/ros2_ws/build/galaxea_simulation': CMAKE_PREFIX_PATH=${CMAKE_PREFIX_PATH}:/opt/ros/humble /usr/bin/cmake --build /ros2_ws/build/galaxea_simulation -- -j16 -l16
[0.155s] Invoked command in '/ros2_ws/build/galaxea_simulation' returned '0': CMAKE_PREFIX_PATH=${CMAKE_PREFIX_PATH}:/opt/ros/humble /usr/bin/cmake --build /ros2_ws/build/galaxea_simulation -- -j16 -l16
[0.165s] Invoking command in '/ros2_ws/build/galaxea_simulation': CMAKE_PREFIX_PATH=${CMAKE_PREFIX_PATH}:/opt/ros/humble /usr/bin/cmake --install /ros2_ws/build/galaxea_simulation
[0.172s] -- Install configuration: ""
[0.174s] -- Execute custom install script
[0.175s] -- Up-to-date symlink: /ros2_ws/install/galaxea_simulation/share/galaxea_simulation/launch/display.launch
[0.176s] -- Up-to-date symlink: /ros2_ws/install/galaxea_simulation/share/galaxea_simulation/launch/gazebo copy.launch
[0.176s] -- Up-to-date symlink: /ros2_ws/install/galaxea_simulation/share/galaxea_simulation/launch/gazebo.launch.py
[0.176s] -- Up-to-date symlink: /ros2_ws/install/galaxea_simulation/share/galaxea_simulation/urdf/r1_v2_1_0.csv
[0.176s] -- Up-to-date symlink: /ros2_ws/install/galaxea_simulation/share/galaxea_simulation/urdf/r1_v2_1_0.urdf
[0.177s] -- Up-to-date symlink: /ros2_ws/install/galaxea_simulation/share/galaxea_simulation/worlds/empty.sdf
[0.177s] -- Up-to-date symlink: /ros2_ws/install/galaxea_simulation/share/galaxea_simulation/meshes/base_link.STL
[0.178s] -- Up-to-date symlink: /ros2_ws/install/galaxea_simulation/share/galaxea_simulation/meshes/left_arm_base_link.STL
[0.178s] -- Up-to-date symlink: /ros2_ws/install/galaxea_simulation/share/galaxea_simulation/meshes/left_arm_link1.STL
[0.178s] -- Up-to-date symlink: /ros2_ws/install/galaxea_simulation/share/galaxea_simulation/meshes/left_arm_link2.STL
[0.178s] -- Up-to-date symlink: /ros2_ws/install/galaxea_simulation/share/galaxea_simulation/meshes/left_arm_link3.STL
[0.179s] -- Up-to-date symlink: /ros2_ws/install/galaxea_simulation/share/galaxea_simulation/meshes/left_arm_link4.STL
[0.179s] -- Up-to-date symlink: /ros2_ws/install/galaxea_simulation/share/galaxea_simulation/meshes/left_arm_link5.STL
[0.179s] -- Up-to-date symlink: /ros2_ws/install/galaxea_simulation/share/galaxea_simulation/meshes/left_arm_link6.STL
[0.179s] -- Up-to-date symlink: /ros2_ws/install/galaxea_simulation/share/galaxea_simulation/meshes/left_gripper_finger_link1.STL
[0.179s] -- Up-to-date symlink: /ros2_ws/install/galaxea_simulation/share/galaxea_simulation/meshes/left_gripper_finger_link2.STL
[0.180s] -- Up-to-date symlink: /ros2_ws/install/galaxea_simulation/share/galaxea_simulation/meshes/left_gripper_link.STL
[0.180s] -- Up-to-date symlink: /ros2_ws/install/galaxea_simulation/share/galaxea_simulation/meshes/left_realsense_link.STL
[0.181s] -- Up-to-date symlink: /ros2_ws/install/galaxea_simulation/share/galaxea_simulation/meshes/right_arm_base_link.STL
[0.181s] -- Up-to-date symlink: /ros2_ws/install/galaxea_simulation/share/galaxea_simulation/meshes/right_arm_link1.STL
[0.181s] -- Up-to-date symlink: /ros2_ws/install/galaxea_simulation/share/galaxea_simulation/meshes/right_arm_link2.STL
[0.181s] -- Up-to-date symlink: /ros2_ws/install/galaxea_simulation/share/galaxea_simulation/meshes/right_arm_link3.STL
[0.181s] -- Up-to-date symlink: /ros2_ws/install/galaxea_simulation/share/galaxea_simulation/meshes/right_arm_link4.STL
[0.182s] -- Up-to-date symlink: /ros2_ws/install/galaxea_simulation/share/galaxea_simulation/meshes/right_arm_link5.STL
[0.182s] -- Up-to-date symlink: /ros2_ws/install/galaxea_simulation/share/galaxea_simulation/meshes/right_arm_link6.STL
[0.182s] -- Up-to-date symlink: /ros2_ws/install/galaxea_simulation/share/galaxea_simulation/meshes/right_gripper_finger_link1.STL
[0.182s] -- Up-to-date symlink: /ros2_ws/install/galaxea_simulation/share/galaxea_simulation/meshes/right_gripper_finger_link2.STL
[0.182s] -- Up-to-date symlink: /ros2_ws/install/galaxea_simulation/share/galaxea_simulation/meshes/right_gripper_link.STL
[0.183s] -- Up-to-date symlink: /ros2_ws/install/galaxea_simulation/share/galaxea_simulation/meshes/right_realsense_link.STL
[0.183s] -- Up-to-date symlink: /ros2_ws/install/galaxea_simulation/share/galaxea_simulation/meshes/steer_motor_link1.STL
[0.184s] -- Up-to-date symlink: /ros2_ws/install/galaxea_simulation/share/galaxea_simulation/meshes/steer_motor_link2.STL
[0.184s] -- Up-to-date symlink: /ros2_ws/install/galaxea_simulation/share/galaxea_simulation/meshes/steer_motor_link3.STL
[0.184s] -- Up-to-date symlink: /ros2_ws/install/galaxea_simulation/share/galaxea_simulation/meshes/torso_link1.STL
[0.185s] -- Up-to-date symlink: /ros2_ws/install/galaxea_simulation/share/galaxea_simulation/meshes/torso_link2.STL
[0.185s] -- Up-to-date symlink: /ros2_ws/install/galaxea_simulation/share/galaxea_simulation/meshes/torso_link3.STL
[0.185s] -- Up-to-date symlink: /ros2_ws/install/galaxea_simulation/share/galaxea_simulation/meshes/torso_link4.STL
[0.186s] -- Up-to-date symlink: /ros2_ws/install/galaxea_simulation/share/galaxea_simulation/meshes/wheel_motor_link1.STL
[0.186s] -- Up-to-date symlink: /ros2_ws/install/galaxea_simulation/share/galaxea_simulation/meshes/wheel_motor_link2.STL
[0.186s] -- Up-to-date symlink: /ros2_ws/install/galaxea_simulation/share/galaxea_simulation/meshes/wheel_motor_link3.STL
[0.186s] -- Up-to-date symlink: /ros2_ws/install/galaxea_simulation/share/galaxea_simulation/meshes/zed_link.STL
[0.186s] -- Up-to-date symlink: /ros2_ws/install/galaxea_simulation/share/galaxea_simulation/config/joint_names_r1_v2_1_0.yaml
[0.187s] -- Up-to-date symlink: /ros2_ws/install/galaxea_simulation/share/ament_index/resource_index/package_run_dependencies/galaxea_simulation
[0.187s] -- Up-to-date symlink: /ros2_ws/install/galaxea_simulation/share/ament_index/resource_index/parent_prefix_path/galaxea_simulation
[0.187s] -- Up-to-date symlink: /ros2_ws/install/galaxea_simulation/share/galaxea_simulation/environment/ament_prefix_path.sh
[0.188s] -- Up-to-date symlink: /ros2_ws/install/galaxea_simulation/share/galaxea_simulation/environment/ament_prefix_path.dsv
[0.188s] -- Up-to-date symlink: /ros2_ws/install/galaxea_simulation/share/galaxea_simulation/environment/path.sh
[0.189s] -- Up-to-date symlink: /ros2_ws/install/galaxea_simulation/share/galaxea_simulation/environment/path.dsv
[0.189s] -- Up-to-date symlink: /ros2_ws/install/galaxea_simulation/share/galaxea_simulation/local_setup.bash
[0.189s] -- Up-to-date symlink: /ros2_ws/install/galaxea_simulation/share/galaxea_simulation/local_setup.sh
[0.190s] -- Up-to-date symlink: /ros2_ws/install/galaxea_simulation/share/galaxea_simulation/local_setup.zsh
[0.190s] -- Up-to-date symlink: /ros2_ws/install/galaxea_simulation/share/galaxea_simulation/local_setup.dsv
[0.190s] -- Symlinking: /ros2_ws/install/galaxea_simulation/share/galaxea_simulation/package.dsv
[0.199s] -- Up-to-date symlink: /ros2_ws/install/galaxea_simulation/share/ament_index/resource_index/packages/galaxea_simulation
[0.199s] -- Up-to-date symlink: /ros2_ws/install/galaxea_simulation/share/galaxea_simulation/cmake/galaxea_simulationConfig.cmake
[0.200s] -- Up-to-date symlink: /ros2_ws/install/galaxea_simulation/share/galaxea_simulation/cmake/galaxea_simulationConfig-version.cmake
[0.200s] -- Up-to-date symlink: /ros2_ws/install/galaxea_simulation/share/galaxea_simulation/package.xml
[0.202s] Invoked command in '/ros2_ws/build/galaxea_simulation' returned '0': CMAKE_PREFIX_PATH=${CMAKE_PREFIX_PATH}:/opt/ros/humble /usr/bin/cmake --install /ros2_ws/build/galaxea_simulation
