[0.026s] Invoking command in '/ros2_ws/build/robot_localization': CMAKE_PREFIX_PATH=${CMAKE_PREFIX_PATH}:/opt/ros/humble /usr/bin/cmake /ros2_ws/src/robot_localization -DCMAKE_INSTALL_PREFIX=/ros2_ws/install/robot_localization
[0.227s] -- The C compiler identification is GNU 11.4.0
[0.398s] -- The CXX compiler identification is GNU 11.4.0
[0.417s] -- Detecting C compiler ABI info
[0.494s] -- Detecting C compiler ABI info - done
[0.501s] -- Check for working C compiler: /usr/bin/cc - skipped
[0.502s] -- Detecting C compile features
[0.503s] -- Detecting C compile features - done
[0.509s] -- Detecting CXX compiler ABI info
[0.603s] -- Detecting CXX compiler ABI info - done
[0.615s] -- Check for working CXX compiler: /usr/bin/c++ - skipped
[0.615s] -- Detecting CXX compile features
[0.616s] -- Detecting CXX compile features - done
[0.617s] -- robot_localization: You did not request a specific build type: selecting 'RelWithDebInfo'.
[0.624s] -- Found ament_cmake: 1.3.14 (/opt/ros/humble/share/ament_cmake/cmake)
[0.806s] -- Found Python3: /usr/bin/python3 (found version "3.10.12") found components: Interpreter 
[1.045s] -- Found angles: 1.15.0 (/opt/ros/humble/share/angles/cmake)
[1.059s] -- Found rclcpp: 16.0.19 (/opt/ros/humble/share/rclcpp/cmake)
[1.215s] -- Found rosidl_generator_c: 3.1.8 (/opt/ros/humble/share/rosidl_generator_c/cmake)
[1.232s] -- Found rosidl_adapter: 3.1.8 (/opt/ros/humble/share/rosidl_adapter/cmake)
[1.258s] -- Found rosidl_generator_cpp: 3.1.8 (/opt/ros/humble/share/rosidl_generator_cpp/cmake)
[1.298s] -- Using all available rosidl_typesupport_c: rosidl_typesupport_fastrtps_c;rosidl_typesupport_introspection_c
[1.352s] -- Using all available rosidl_typesupport_cpp: rosidl_typesupport_fastrtps_cpp;rosidl_typesupport_introspection_cpp
[1.494s] -- Found rmw_implementation_cmake: 6.1.2 (/opt/ros/humble/share/rmw_implementation_cmake/cmake)
[1.504s] -- Found rmw_fastrtps_cpp: 6.2.10 (/opt/ros/humble/share/rmw_fastrtps_cpp/cmake)
[1.671s] -- Found OpenSSL: /usr/lib/x86_64-linux-gnu/libcrypto.so (found version "3.0.2")  
[1.716s] -- Found FastRTPS: /opt/ros/humble/include  
[1.765s] -- Using RMW implementation 'rmw_fastrtps_cpp' as default
[1.802s] -- Looking for pthread.h
[1.945s] -- Looking for pthread.h - found
[1.945s] -- Performing Test CMAKE_HAVE_LIBC_PTHREAD
[2.047s] -- Performing Test CMAKE_HAVE_LIBC_PTHREAD - Success
[2.049s] -- Found Threads: TRUE  
[2.187s] -- Found diagnostic_msgs: 4.9.1 (/opt/ros/humble/share/diagnostic_msgs/cmake)
[2.219s] -- Found diagnostic_updater: 4.0.6 (/opt/ros/humble/share/diagnostic_updater/cmake)
[2.241s] [31mCMake Error at CMakeLists.txt:22 (find_package):
[2.241s]   By not providing "Findgeographic_msgs.cmake" in CMAKE_MODULE_PATH this
[2.241s]   project has asked CMake to find a package configuration file provided by
[2.241s]   "geographic_msgs", but CMake did not find one.
[2.241s] 
[2.241s]   Could not find a package configuration file provided by "geographic_msgs"
[2.241s]   with any of the following names:
[2.241s] 
[2.241s]     geographic_msgsConfig.cmake
[2.241s]     geographic_msgs-config.cmake
[2.241s] 
[2.242s]   Add the installation prefix of "geographic_msgs" to CMAKE_PREFIX_PATH or
[2.242s]   set "geographic_msgs_DIR" to a directory containing one of the above files.
[2.242s]   If "geographic_msgs" provides a separate development package or SDK, be
[2.242s]   sure it has been installed.
[2.242s] 
[2.242s] [0m
[2.242s] -- Configuring incomplete, errors occurred!
[2.242s] See also "/ros2_ws/build/robot_localization/CMakeFiles/CMakeOutput.log".
[2.249s] Invoked command in '/ros2_ws/build/robot_localization' returned '1': CMAKE_PREFIX_PATH=${CMAKE_PREFIX_PATH}:/opt/ros/humble /usr/bin/cmake /ros2_ws/src/robot_localization -DCMAKE_INSTALL_PREFIX=/ros2_ws/install/robot_localization
